#
# There is insufficient memory for the Java Runtime Environment to continue.
# Native memory allocation (malloc) failed to allocate 65552 bytes for Chunk::new
# Possible reasons:
#   The system is out of physical RAM or swap space
#   The process is running with CompressedOops enabled, and the Java Heap may be blocking the growth of the native heap
# Possible solutions:
#   Reduce memory load on the system
#   Increase physical memory or swap space
#   Check if swap backing store is full
#   Decrease Java heap size (-Xmx/-Xms)
#   Decrease number of Java threads
#   Decrease Java thread stack sizes (-Xss)
#   Set larger code cache with -XX:ReservedCodeCacheSize=
#   JVM is running with Unscaled Compressed Oops mode in which the Java heap is
#     placed in the first 4GB address space. The Java Heap base address is the
#     maximum limit for the native heap growth. Please use -XX:HeapBaseMinAddress
#     to set the Java Heap base and to place the Java Heap above 4GB virtual address.
# This output file may be truncated or incomplete.
#
#  Out of Memory Error (allocation.cpp:389), pid=10528, tid=0x0000000000003220
#
# JRE version: Java(TM) SE Runtime Environment (8.0_251-b08) (build 1.8.0_251-b08)
# Java VM: Java HotSpot(TM) 64-Bit Server VM (25.251-b08 mixed mode windows-amd64 compressed oops)
# Failed to write core dump. Minidumps are not enabled by default on client versions of Windows
#

---------------  T H R E A D  ---------------

Current thread (0x0000000019540000):  JavaThread "C2 CompilerThread0" daemon [_thread_in_native, id=12832, stack(0x0000000019c10000,0x0000000019d10000)]

Stack: [0x0000000019c10000,0x0000000019d10000]
[error occurred during error reporting (printing stack bounds), id 0xc0000005]

Native frames: (J=compiled Java code, j=interpreted, Vv=VM code, C=native code)


Current CompileTask:
C2:  37415 4130   !   4       org.apache.catalina.startup.ContextConfig::populateJavaClassCache (159 bytes)


---------------  P R O C E S S  ---------------

Java Threads: ( => current thread )
  0x000000001ac46800 JavaThread "Thread-2" daemon [_thread_in_native, id=12740, stack(0x0000000021d30000,0x0000000021e30000)]
  0x000000001b20b000 JavaThread "localhost-startStop-1" daemon [_thread_in_Java, id=13668, stack(0x000000001fa90000,0x000000001fb90000)]
  0x000000001c302800 JavaThread "Tomcat-startStop-1" daemon [_thread_blocked, id=3168, stack(0x000000001e530000,0x000000001e630000)]
  0x00000000195ba800 JavaThread "Service Thread" daemon [_thread_blocked, id=6484, stack(0x0000000019f10000,0x000000001a010000)]
  0x0000000019597800 JavaThread "C1 CompilerThread2" daemon [_thread_in_native, id=12136, stack(0x0000000019e10000,0x0000000019f10000)]
  0x0000000019541000 JavaThread "C2 CompilerThread1" daemon [_thread_in_native, id=10980, stack(0x0000000019d10000,0x0000000019e10000)]
=>0x0000000019540000 JavaThread "C2 CompilerThread0" daemon [_thread_in_native, id=12832, stack(0x0000000019c10000,0x0000000019d10000)]
  0x0000000019530000 JavaThread "Monitor Ctrl-Break" daemon [_thread_in_native, id=12492, stack(0x0000000019b10000,0x0000000019c10000)]
  0x00000000181c2000 JavaThread "Attach Listener" daemon [_thread_blocked, id=3912, stack(0x0000000019a10000,0x0000000019b10000)]
  0x00000000181aa800 JavaThread "Signal Dispatcher" daemon [_thread_blocked, id=8620, stack(0x0000000019910000,0x0000000019a10000)]
  0x00000000036fc800 JavaThread "Finalizer" daemon [_thread_blocked, id=9016, stack(0x0000000019410000,0x0000000019510000)]
  0x00000000036f3000 JavaThread "Reference Handler" daemon [_thread_blocked, id=8608, stack(0x0000000019310000,0x0000000019410000)]
  0x000000000343e800 JavaThread "main" [_thread_blocked, id=2504, stack(0x00000000032a0000,0x00000000033a0000)]

Other Threads:
  0x0000000018178000 VMThread [stack: 0x0000000019210000,0x0000000019310000] [id=10968]
  0x00000000195d6800 WatcherThread [stack: 0x000000001a010000,0x000000001a110000] [id=11364]

VM state:not at safepoint (normal execution)

VM Mutex/Monitor currently owned by a thread: None

heap address: 0x0000000082600000, size: 2010 MB, Compressed Oops mode: 32-bit
Narrow klass base: 0x0000000000000000, Narrow klass shift: 3
Compressed class space size: 1073741824 Address: 0x0000000100000000

Heap:
 PSYoungGen      total 103936K, used 71606K [0x00000000d6200000, 0x00000000ddf00000, 0x0000000100000000)
  eden space 81408K, 67% used [0x00000000d6200000,0x00000000d97710c0,0x00000000db180000)
  from space 22528K, 74% used [0x00000000db180000,0x00000000dc1fc9a0,0x00000000dc780000)
  to   space 22016K, 0% used [0x00000000dc780000,0x00000000dc780000,0x00000000ddd00000)
 ParOldGen       total 77824K, used 25352K [0x0000000082600000, 0x0000000087200000, 0x00000000d6200000)
  object space 77824K, 32% used [0x0000000082600000,0x0000000083ec2248,0x0000000087200000)
 Metaspace       used 33039K, capacity 33668K, committed 33920K, reserved 1079296K
  class space    used 3996K, capacity 4172K, committed 4224K, reserved 1048576K

Card table byte_map: [0x0000000012ac0000,0x0000000012eb0000] byte_map_base: 0x00000000126ad000

Marking Bits: (ParMarkBitMap*) 0x000000007409af90
 Begin Bits: [0x0000000013550000, 0x00000000154b8000)
 End Bits:   [0x00000000154b8000, 0x0000000017420000)

Polling page: 0x0000000001340000

CodeCache: size=245760Kb used=12569Kb max_used=12575Kb free=233191Kb
 bounds [0x0000000003700000, 0x0000000004360000, 0x0000000012700000]
 total_blobs=4272 nmethods=3832 adapters=351
 compilation: enabled

Compilation events (10 events):
Event: 37.216 Thread 0x0000000019597800 4445       2       org.springframework.core.SerializableTypeWrapper$2::getType (13 bytes)
Event: 37.217 Thread 0x0000000019597800 nmethod 4445 0x0000000003c7ae90 code [0x0000000003c7b020, 0x0000000003c7b228]
Event: 37.217 Thread 0x0000000019597800 4442       2       org.springframework.util.ConcurrentReferenceHashMap::getSegmentForHash (23 bytes)
Event: 37.217 Thread 0x0000000019597800 nmethod 4442 0x0000000003c7aad0 code [0x0000000003c7ac20, 0x0000000003c7adb0]
Event: 37.260 Thread 0x0000000019597800 4446       2       java.lang.Character::isUpperCase (25 bytes)
Event: 37.261 Thread 0x0000000019597800 nmethod 4446 0x0000000003c7a650 code [0x0000000003c7a7e0, 0x0000000003c7a9d8]
Event: 37.261 Thread 0x0000000019597800 4447       2       java.lang.AbstractStringBuilder::append (54 bytes)
Event: 37.261 Thread 0x0000000019597800 nmethod 4447 0x0000000003c7a010 code [0x0000000003c7a1c0, 0x0000000003c7a508]
Event: 37.261 Thread 0x0000000019597800 4448       2       java.lang.StringBuilder::append (8 bytes)
Event: 37.262 Thread 0x0000000019597800 nmethod 4448 0x0000000003c79c90 code [0x0000000003c79e00, 0x0000000003c79f88]

GC Heap History (10 events):
Event: 30.613 GC heap before
{Heap before GC invocations=10 (full 1):
 PSYoungGen      total 64000K, used 63997K [0x00000000d6200000, 0x00000000dbb80000, 0x0000000100000000)
  eden space 51712K, 100% used [0x00000000d6200000,0x00000000d9480000,0x00000000d9480000)
  from space 12288K, 99% used [0x00000000da280000,0x00000000dae7f6e0,0x00000000dae80000)
  to   space 14336K, 0% used [0x00000000d9480000,0x00000000d9480000,0x00000000da280000)
 ParOldGen       total 77824K, used 15155K [0x0000000082600000, 0x0000000087200000, 0x00000000d6200000)
  object space 77824K, 19% used [0x0000000082600000,0x00000000834ccd40,0x0000000087200000)
 Metaspace       used 27944K, capacity 28420K, committed 28672K, reserved 1075200K
  class space    used 3360K, capacity 3513K, committed 3584K, reserved 1048576K
Event: 30.657 GC heap after
Heap after GC invocations=10 (full 1):
 PSYoungGen      total 66048K, used 14316K [0x00000000d6200000, 0x00000000dc200000, 0x0000000100000000)
  eden space 51712K, 0% used [0x00000000d6200000,0x00000000d6200000,0x00000000d9480000)
  from space 14336K, 99% used [0x00000000d9480000,0x00000000da27b0a0,0x00000000da280000)
  to   space 17408K, 0% used [0x00000000db100000,0x00000000db100000,0x00000000dc200000)
 ParOldGen       total 77824K, used 17518K [0x0000000082600000, 0x0000000087200000, 0x00000000d6200000)
  object space 77824K, 22% used [0x0000000082600000,0x000000008371bb60,0x0000000087200000)
 Metaspace       used 27944K, capacity 28420K, committed 28672K, reserved 1075200K
  class space    used 3360K, capacity 3513K, committed 3584K, reserved 1048576K
}
Event: 31.334 GC heap before
{Heap before GC invocations=11 (full 1):
 PSYoungGen      total 66048K, used 66028K [0x00000000d6200000, 0x00000000dc200000, 0x0000000100000000)
  eden space 51712K, 100% used [0x00000000d6200000,0x00000000d9480000,0x00000000d9480000)
  from space 14336K, 99% used [0x00000000d9480000,0x00000000da27b0a0,0x00000000da280000)
  to   space 17408K, 0% used [0x00000000db100000,0x00000000db100000,0x00000000dc200000)
 ParOldGen       total 77824K, used 17518K [0x0000000082600000, 0x0000000087200000, 0x00000000d6200000)
  object space 77824K, 22% used [0x0000000082600000,0x000000008371bb60,0x0000000087200000)
 Metaspace       used 27946K, capacity 28420K, committed 28672K, reserved 1075200K
  class space    used 3360K, capacity 3513K, committed 3584K, reserved 1048576K
Event: 31.380 GC heap after
Heap after GC invocations=11 (full 1):
 PSYoungGen      total 78336K, used 17406K [0x00000000d6200000, 0x00000000dca80000, 0x0000000100000000)
  eden space 60928K, 0% used [0x00000000d6200000,0x00000000d6200000,0x00000000d9d80000)
  from space 17408K, 99% used [0x00000000db100000,0x00000000dc1ffad8,0x00000000dc200000)
  to   space 19968K, 0% used [0x00000000d9d80000,0x00000000d9d80000,0x00000000db100000)
 ParOldGen       total 77824K, used 17835K [0x0000000082600000, 0x0000000087200000, 0x00000000d6200000)
  object space 77824K, 22% used [0x0000000082600000,0x000000008376afe8,0x0000000087200000)
 Metaspace       used 27946K, capacity 28420K, committed 28672K, reserved 1075200K
  class space    used 3360K, capacity 3513K, committed 3584K, reserved 1048576K
}
Event: 32.336 GC heap before
{Heap before GC invocations=12 (full 1):
 PSYoungGen      total 78336K, used 78334K [0x00000000d6200000, 0x00000000dca80000, 0x0000000100000000)
  eden space 60928K, 100% used [0x00000000d6200000,0x00000000d9d80000,0x00000000d9d80000)
  from space 17408K, 99% used [0x00000000db100000,0x00000000dc1ffad8,0x00000000dc200000)
  to   space 19968K, 0% used [0x00000000d9d80000,0x00000000d9d80000,0x00000000db100000)
 ParOldGen       total 77824K, used 17835K [0x0000000082600000, 0x0000000087200000, 0x00000000d6200000)
  object space 77824K, 22% used [0x0000000082600000,0x000000008376afe8,0x0000000087200000)
 Metaspace       used 27957K, capacity 28424K, committed 28672K, reserved 1075200K
  class space    used 3361K, capacity 3513K, committed 3584K, reserved 1048576K
Event: 32.416 GC heap after
Heap after GC invocations=12 (full 1):
 PSYoungGen      total 80896K, used 18326K [0x00000000d6200000, 0x00000000ddd00000, 0x0000000100000000)
  eden space 60928K, 0% used [0x00000000d6200000,0x00000000d6200000,0x00000000d9d80000)
  from space 19968K, 91% used [0x00000000d9d80000,0x00000000daf65a90,0x00000000db100000)
  to   space 22016K, 0% used [0x00000000dc780000,0x00000000dc780000,0x00000000ddd00000)
 ParOldGen       total 77824K, used 19671K [0x0000000082600000, 0x0000000087200000, 0x00000000d6200000)
  object space 77824K, 25% used [0x0000000082600000,0x0000000083935ff8,0x0000000087200000)
 Metaspace       used 27957K, capacity 28424K, committed 28672K, reserved 1075200K
  class space    used 3361K, capacity 3513K, committed 3584K, reserved 1048576K
}
Event: 33.422 GC heap before
{Heap before GC invocations=13 (full 1):
 PSYoungGen      total 80896K, used 79254K [0x00000000d6200000, 0x00000000ddd00000, 0x0000000100000000)
  eden space 60928K, 100% used [0x00000000d6200000,0x00000000d9d80000,0x00000000d9d80000)
  from space 19968K, 91% used [0x00000000d9d80000,0x00000000daf65a90,0x00000000db100000)
  to   space 22016K, 0% used [0x00000000dc780000,0x00000000dc780000,0x00000000ddd00000)
 ParOldGen       total 77824K, used 19671K [0x0000000082600000, 0x0000000087200000, 0x00000000d6200000)
  object space 77824K, 25% used [0x0000000082600000,0x0000000083935ff8,0x0000000087200000)
 Metaspace       used 27968K, capacity 28520K, committed 28672K, reserved 1075200K
  class space    used 3363K, capacity 3545K, committed 3584K, reserved 1048576K
Event: 33.488 GC heap after
Heap after GC invocations=13 (full 1):
 PSYoungGen      total 103424K, used 15152K [0x00000000d6200000, 0x00000000ddf00000, 0x0000000100000000)
  eden space 81408K, 0% used [0x00000000d6200000,0x00000000d6200000,0x00000000db180000)
  from space 22016K, 68% used [0x00000000dc780000,0x00000000dd64c260,0x00000000ddd00000)
  to   space 22528K, 0% used [0x00000000db180000,0x00000000db180000,0x00000000dc780000)
 ParOldGen       total 77824K, used 23923K [0x0000000082600000, 0x0000000087200000, 0x00000000d6200000)
  object space 77824K, 30% used [0x0000000082600000,0x0000000083d5cc50,0x0000000087200000)
 Metaspace       used 27968K, capacity 28520K, committed 28672K, reserved 1075200K
  class space    used 3363K, capacity 3545K, committed 3584K, reserved 1048576K
}
Event: 34.807 GC heap before
{Heap before GC invocations=14 (full 1):
 PSYoungGen      total 103424K, used 96560K [0x00000000d6200000, 0x00000000ddf00000, 0x0000000100000000)
  eden space 81408K, 100% used [0x00000000d6200000,0x00000000db180000,0x00000000db180000)
  from space 22016K, 68% used [0x00000000dc780000,0x00000000dd64c260,0x00000000ddd00000)
  to   space 22528K, 0% used [0x00000000db180000,0x00000000db180000,0x00000000dc780000)
 ParOldGen       total 77824K, used 23923K [0x0000000082600000, 0x0000000087200000, 0x00000000d6200000)
  object space 77824K, 30% used [0x0000000082600000,0x0000000083d5cc50,0x0000000087200000)
 Metaspace       used 27977K, capacity 28530K, committed 28672K, reserved 1075200K
  class space    used 3364K, capacity 3547K, committed 3584K, reserved 1048576K
Event: 34.848 GC heap after
Heap after GC invocations=14 (full 1):
 PSYoungGen      total 103936K, used 16882K [0x00000000d6200000, 0x00000000ddf00000, 0x0000000100000000)
  eden space 81408K, 0% used [0x00000000d6200000,0x00000000d6200000,0x00000000db180000)
  from space 22528K, 74% used [0x00000000db180000,0x00000000dc1fc9a0,0x00000000dc780000)
  to   space 22016K, 0% used [0x00000000dc780000,0x00000000dc780000,0x00000000ddd00000)
 ParOldGen       total 77824K, used 25352K [0x0000000082600000, 0x0000000087200000, 0x00000000d6200000)
  object space 77824K, 32% used [0x0000000082600000,0x0000000083ec2248,0x0000000087200000)
 Metaspace       used 27977K, capacity 28530K, committed 28672K, reserved 1075200K
  class space    used 3364K, capacity 3547K, committed 3584K, reserved 1048576K
}

Deoptimization events (10 events):
Event: 33.182 Thread 0x000000001b20b000 Uncommon trap: reason=class_check action=maybe_recompile pc=0x0000000003b36040 method=org.apache.tomcat.util.bcel.classfile.JavaClass.getAnnotationEntries()[Lorg/apache/tomcat/util/bcel/classfile/AnnotationEntry; @ 43
Event: 33.187 Thread 0x000000001b20b000 Uncommon trap: reason=class_check action=maybe_recompile pc=0x0000000003b36040 method=org.apache.tomcat.util.bcel.classfile.JavaClass.getAnnotationEntries()[Lorg/apache/tomcat/util/bcel/classfile/AnnotationEntry; @ 43
Event: 33.200 Thread 0x000000001b20b000 Uncommon trap: reason=unstable_if action=reinterpret pc=0x0000000003d8ac30 method=java.util.LinkedHashMap.afterNodeRemoval(Ljava/util/HashMap$Node;)V @ 27
Event: 35.485 Thread 0x000000001b20b000 Uncommon trap: reason=unstable_if action=reinterpret pc=0x00000000042945b4 method=org.apache.tomcat.util.file.Matcher.tokenizePathAsArray(Ljava/lang/String;)[Ljava/lang/String; @ 115
Event: 35.554 Thread 0x000000001b20b000 Uncommon trap: reason=unstable_if action=reinterpret pc=0x0000000003dd4590 method=com.sun.org.apache.xerces.internal.impl.XMLEntityScanner.scanContent(Lcom/sun/org/apache/xerces/internal/xni/XMLString;)I @ 418
Event: 35.674 Thread 0x000000001b20b000 Uncommon trap: reason=bimorphic action=maybe_recompile pc=0x000000000424e984 method=java.util.Hashtable.put(Ljava/lang/Object;Ljava/lang/Object;)Ljava/lang/Object; @ 18
Event: 35.808 Thread 0x000000001b20b000 Uncommon trap: reason=bimorphic action=maybe_recompile pc=0x0000000003c8b924 method=java.util.concurrent.ConcurrentHashMap.get(Ljava/lang/Object;)Ljava/lang/Object; @ 149
Event: 35.936 Thread 0x000000001b20b000 Uncommon trap: reason=unstable_if action=reinterpret pc=0x0000000003d16338 method=java.util.ArrayList.toArray([Ljava/lang/Object;)[Ljava/lang/Object; @ 48
Event: 36.017 Thread 0x000000001b20b000 Uncommon trap: reason=predicate action=maybe_recompile pc=0x0000000004103760 method=java.lang.String.regionMatches(ZILjava/lang/String;II)Z @ 63
Event: 36.995 Thread 0x000000001b20b000 Uncommon trap: reason=unstable_if action=reinterpret pc=0x00000000038194b0 method=java.util.StringTokenizer.setMaxDelimCodePoint()V @ 71

Classes redefined (0 events):
No events

Internal exceptions (10 events):
Event: 36.902 Thread 0x000000001b20b000 Exception <a 'java/lang/ClassNotFoundException': org/springframework/web/servlet/DispatcherServletBeanInfo> (0x00000000d909b5d0) thrown at [C:\jenkins\workspace\8-2-build-windows-amd64-cygwin\jdk8u251\737\hotspot\src\share\vm\classfile\systemDictionary.cp
Event: 36.906 Thread 0x000000001b20b000 Exception <a 'java/lang/ClassNotFoundException': org/springframework/web/servlet/FrameworkServletBeanInfo> (0x00000000d90b4cf0) thrown at [C:\jenkins\workspace\8-2-build-windows-amd64-cygwin\jdk8u251\737\hotspot\src\share\vm\classfile\systemDictionary.cpp
Event: 36.908 Thread 0x000000001b20b000 Exception <a 'java/lang/ClassNotFoundException': org/springframework/web/servlet/HttpServletBeanBeanInfo> (0x00000000d90ce188) thrown at [C:\jenkins\workspace\8-2-build-windows-amd64-cygwin\jdk8u251\737\hotspot\src\share\vm\classfile\systemDictionary.cpp,
Event: 36.910 Thread 0x000000001b20b000 Exception <a 'java/lang/ClassNotFoundException': javax/servlet/http/HttpServletBeanInfo> (0x00000000d90df900) thrown at [C:\jenkins\workspace\8-2-build-windows-amd64-cygwin\jdk8u251\737\hotspot\src\share\vm\classfile\systemDictionary.cpp, line 210]
Event: 36.913 Thread 0x000000001b20b000 Exception <a 'java/lang/ClassNotFoundException': javax/servlet/GenericServletBeanInfo> (0x00000000d90f0ad8) thrown at [C:\jenkins\workspace\8-2-build-windows-amd64-cygwin\jdk8u251\737\hotspot\src\share\vm\classfile\systemDictionary.cpp, line 210]
Event: 36.915 Thread 0x000000001b20b000 Exception <a 'java/lang/ClassNotFoundException': javax/servlet/GenericServletCustomizer> (0x00000000d9102168) thrown at [C:\jenkins\workspace\8-2-build-windows-amd64-cygwin\jdk8u251\737\hotspot\src\share\vm\classfile\systemDictionary.cpp, line 210]
Event: 36.920 Thread 0x000000001b20b000 Exception <a 'java/lang/ClassNotFoundException': javax/servlet/http/HttpServletCustomizer> (0x00000000d911db68) thrown at [C:\jenkins\workspace\8-2-build-windows-amd64-cygwin\jdk8u251\737\hotspot\src\share\vm\classfile\systemDictionary.cpp, line 210]
Event: 36.923 Thread 0x000000001b20b000 Exception <a 'java/lang/ClassNotFoundException': org/springframework/web/servlet/HttpServletBeanCustomizer> (0x00000000d913b048) thrown at [C:\jenkins\workspace\8-2-build-windows-amd64-cygwin\jdk8u251\737\hotspot\src\share\vm\classfile\systemDictionary.cp
Event: 36.927 Thread 0x000000001b20b000 Exception <a 'java/lang/ClassNotFoundException': org/springframework/web/servlet/FrameworkServletCustomizer> (0x00000000d915f938) thrown at [C:\jenkins\workspace\8-2-build-windows-amd64-cygwin\jdk8u251\737\hotspot\src\share\vm\classfile\systemDictionary.c
Event: 36.942 Thread 0x000000001b20b000 Exception <a 'java/lang/ClassNotFoundException': org/springframework/web/servlet/DispatcherServletCustomizer> (0x00000000d9199600) thrown at [C:\jenkins\workspace\8-2-build-windows-amd64-cygwin\jdk8u251\737\hotspot\src\share\vm\classfile\systemDictionary.

Events (10 events):
Event: 37.303 loading class com/sun/org/apache/xerces/internal/impl/xs/XSGroupDecl
Event: 37.303 loading class com/sun/org/apache/xerces/internal/xs/XSModelGroupDefinition
Event: 37.303 loading class com/sun/org/apache/xerces/internal/xs/XSModelGroupDefinition done
Event: 37.303 loading class com/sun/org/apache/xerces/internal/impl/xs/XSGroupDecl done
Event: 37.303 loading class com/sun/org/apache/xerces/internal/impl/dv/SchemaDVFactory
Event: 37.303 loading class com/sun/org/apache/xerces/internal/impl/dv/SchemaDVFactory done
Event: 37.303 loading class com/sun/org/apache/xerces/internal/utils/ObjectFactory
Event: 37.304 loading class com/sun/org/apache/xerces/internal/utils/ObjectFactory done
Event: 37.304 loading class com/sun/org/apache/xerces/internal/utils/SecuritySupport$1
Event: 37.304 loading class com/sun/org/apache/xerces/internal/utils/SecuritySupport$1 done


Dynamic libraries:
0x00007ff607eb0000 - 0x00007ff607ee7000 	D:\java\1.8\bin\java.exe
0x00007fff77930000 - 0x00007fff77b1d000 	C:\Windows\SYSTEM32\ntdll.dll
0x00007fff75160000 - 0x00007fff75213000 	C:\Windows\System32\KERNEL32.DLL
0x00007fff748c0000 - 0x00007fff74b53000 	C:\Windows\System32\KERNELBASE.dll
0x00007fff76710000 - 0x00007fff767b3000 	C:\Windows\System32\ADVAPI32.dll
0x00007fff74b60000 - 0x00007fff74bfe000 	C:\Windows\System32\msvcrt.dll
0x00007fff767c0000 - 0x00007fff7685e000 	C:\Windows\System32\sechost.dll
0x00007fff769b0000 - 0x00007fff76ad2000 	C:\Windows\System32\RPCRT4.dll
0x00007fff77450000 - 0x00007fff775e7000 	C:\Windows\System32\USER32.dll
0x00007fff73a00000 - 0x00007fff73a20000 	C:\Windows\System32\win32u.dll
0x00007fff77810000 - 0x00007fff77839000 	C:\Windows\System32\GDI32.dll
0x00007fff73a20000 - 0x00007fff73bba000 	C:\Windows\System32\gdi32full.dll
0x00007fff74310000 - 0x00007fff743b0000 	C:\Windows\System32\msvcp_win.dll
0x00007fff745c0000 - 0x00007fff746ba000 	C:\Windows\System32\ucrtbase.dll
0x00007fff60330000 - 0x00007fff605a9000 	C:\Windows\WinSxS\amd64_microsoft.windows.common-controls_6595b64144ccf1df_6.0.17763.348_none_05b73c0a071d7a57\COMCTL32.dll
0x00007fff74e30000 - 0x00007fff7515d000 	C:\Windows\System32\combase.dll
0x00007fff743e0000 - 0x00007fff7445e000 	C:\Windows\System32\bcryptPrimitives.dll
0x00007fff775f0000 - 0x00007fff7761e000 	C:\Windows\System32\IMM32.DLL
0x00000000756b0000 - 0x0000000075782000 	D:\java\1.8\jre\bin\msvcr100.dll
0x0000000073870000 - 0x000000007411b000 	D:\java\1.8\jre\bin\server\jvm.dll
0x00007fff76af0000 - 0x00007fff76af8000 	C:\Windows\System32\PSAPI.DLL
0x00007fff6e200000 - 0x00007fff6e224000 	C:\Windows\SYSTEM32\WINMM.dll
0x00007fff55480000 - 0x00007fff55489000 	C:\Windows\SYSTEM32\WSOCK32.dll
0x00007fff76d80000 - 0x00007fff76ded000 	C:\Windows\System32\WS2_32.dll
0x00007fff73540000 - 0x00007fff7354a000 	C:\Windows\SYSTEM32\VERSION.dll
0x00007fff6e1d0000 - 0x00007fff6e1fd000 	C:\Windows\SYSTEM32\WINMMBASE.dll
0x00007fff74460000 - 0x00007fff744aa000 	C:\Windows\System32\cfgmgr32.dll
0x00007fff6e230000 - 0x00007fff6e23f000 	D:\java\1.8\jre\bin\verify.dll
0x00007fff5fa20000 - 0x00007fff5fa49000 	D:\java\1.8\jre\bin\java.dll
0x00007fff5d290000 - 0x00007fff5d2b3000 	D:\java\1.8\jre\bin\instrument.dll
0x00007fff6c410000 - 0x00007fff6c426000 	D:\java\1.8\jre\bin\zip.dll
0x00007fff75220000 - 0x00007fff76710000 	C:\Windows\System32\SHELL32.dll
0x00007fff76df0000 - 0x00007fff76e98000 	C:\Windows\System32\shcore.dll
0x00007fff73bc0000 - 0x00007fff7430a000 	C:\Windows\System32\windows.storage.dll
0x00007fff739b0000 - 0x00007fff739d4000 	C:\Windows\System32\profapi.dll
0x00007fff73950000 - 0x00007fff739ad000 	C:\Windows\System32\powrprof.dll
0x00007fff76860000 - 0x00007fff768b2000 	C:\Windows\System32\shlwapi.dll
0x00007fff73930000 - 0x00007fff73941000 	C:\Windows\System32\kernel.appcore.dll
0x00007fff748a0000 - 0x00007fff748b7000 	C:\Windows\System32\cryptsp.dll
0x00007fff5ea10000 - 0x00007fff5ea2a000 	D:\Program Files\IntelliJ IDEA 2018.3.2\bin\breakgen64.dll
0x00007fff6b070000 - 0x00007fff6b08a000 	D:\java\1.8\jre\bin\net.dll
0x00007fff73140000 - 0x00007fff731a7000 	C:\Windows\system32\mswsock.dll
0x00007fff5f5c0000 - 0x00007fff5f5d2000 	D:\java\1.8\jre\bin\nio.dll
0x00007fff72ca0000 - 0x00007fff72cd3000 	C:\Windows\system32\rsaenh.dll
0x00007fff743b0000 - 0x00007fff743d6000 	C:\Windows\System32\bcrypt.dll
0x00007fff73860000 - 0x00007fff73888000 	C:\Windows\SYSTEM32\USERENV.dll
0x00007fff73310000 - 0x00007fff7331c000 	C:\Windows\SYSTEM32\CRYPTBASE.dll
0x00007fff72ea0000 - 0x00007fff72edd000 	C:\Windows\SYSTEM32\IPHLPAPI.DLL
0x00007fff769a0000 - 0x00007fff769a8000 	C:\Windows\System32\NSI.dll
0x00007fff60800000 - 0x00007fff60816000 	C:\Windows\SYSTEM32\dhcpcsvc6.DLL
0x00007fff607e0000 - 0x00007fff607fc000 	C:\Windows\SYSTEM32\dhcpcsvc.DLL
0x00007fff72ee0000 - 0x00007fff72fa6000 	C:\Windows\SYSTEM32\DNSAPI.dll
0x00007fff6b0b0000 - 0x00007fff6b0bd000 	D:\java\1.8\jre\bin\management.dll

VM Arguments:
jvm_args: -Dmaven.multiModuleProjectDirectory=D:\project\springmvc01 -Dmaven.home=D:\Program Files\IntelliJ IDEA 2018.3.2\plugins\maven\lib\maven3 -Dclassworlds.conf=D:\Program Files\IntelliJ IDEA 2018.3.2\plugins\maven\lib\maven3\bin\m2.conf -javaagent:D:\Program Files\IntelliJ IDEA 2018.3.2\lib\idea_rt.jar=49907:D:\Program Files\IntelliJ IDEA 2018.3.2\bin -Dfile.encoding=UTF-8 
java_command: org.codehaus.classworlds.Launcher -Didea.version=2018.3.2 tomcat7:run
java_class_path (initial): D:\Program Files\IntelliJ IDEA 2018.3.2\plugins\maven\lib\maven3\boot\plexus-classworlds-2.5.2.jar;D:\Program Files\IntelliJ IDEA 2018.3.2\lib\idea_rt.jar
Launcher Type: SUN_STANDARD

Environment Variables:
JAVA_HOME=D:\java\1.8
CLASSPATH=.;D:\java\1.8\lib
PATH=D:\oracle\bin;C:\Program Files (x86)\Common Files\Oracle\Java\javapath;D:\Program Files\xmanager\Xlpd 6\;C:\Windows\system32;C:\Windows;C:\Windows\System32\Wbem;C:\Windows\System32\WindowsPowerShell\v1.0\;C:\Windows\System32\OpenSSH\;C:\Program Files (x86)\Intel\Intel(R) Management Engine Components\DAL;C:\Program Files\Intel\Intel(R) Management Engine Components\DAL;D:\Program Files\go\bin;D:\Program Files\Navicat Premium 12\instantclient_12_2;C:\Program Files\Microsoft SQL Server\110\Tools\Binn\;C:\instantclient_11_2;D:\Program Files\mysql\active perl\bin;D:\Program Files\mysql\GnuWin32\bin;D:\mysql-5.7.29-winx64\bin;C:\Program Files\Microsoft SQL Server\120\DTS\Binn\;C:\Program Files\Microsoft SQL Server\Client SDK\ODBC\110\Tools\Binn\;C:\Program Files (x86)\Microsoft SQL Server\120\Tools\Binn\;C:\Program Files\Microsoft SQL Server\120\Tools\Binn\;C:\Program Files (x86)\Microsoft SQL Server\120\Tools\Binn\ManagementStudio\;C:\Program Files (x86)\Microsoft SQL Server\120\DTS\Binn\;D:\MinGW\bin;D:\Program Files\apache-maven-3.6.3\bin;D:\java\1.8\bin;D:\nodejs\;D:\nodejs\node_global;C:\Program Files\dotnet\;C:\Program Files\Microsoft SQL Server\130\Tools\Binn\;C:\Program Files\Microsoft SQL Server\Client SDK\ODBC\170\Tools\Binn\;D:\Program Files\svn\bin;D:\git\Git\cmd;D:\lang\py3.7\Scripts\;D:\lang\py3.7\;C:\Users\Administrator\AppData\Local\Microsoft\WindowsApps;C:\Users\Administrator\go\bin;"D:\java\1.8\bin;D:\java\1.8\jre\bin";;D:\Program Files\PyCharm 2019.1.1\bin;;D:\Program Files\IntelliJ IDEA 2018.3.2\bin;;D:\Program Files\Microsoft VS Code\bin;D:\Program Files\Fiddler;C:\Users\Administrator\AppData\Roaming\npm;C:\Users\Administrator\.dotnet\tools
USERNAME=Administrator
OS=Windows_NT
PROCESSOR_IDENTIFIER=Intel64 Family 6 Model 142 Stepping 11, GenuineIntel



---------------  S Y S T E M  ---------------

OS: Windows 10.0 , 64 bit Build 17763 (10.0.17763.292)

CPU:total 4 (initial active 4) (4 cores per cpu, 2 threads per core) family 6 model 142 stepping 11, cmov, cx8, fxsr, mmx, sse, sse2, sse3, ssse3, sse4.1, sse4.2, popcnt, avx, avx2, aes, clmul, erms, 3dnowpref, lzcnt, ht, tsc, tscinvbit, bmi1, bmi2, adx

Memory: 4k page, physical 8230164k(2097328k free), swap 10327316k(8556k free)

vm_info: Java HotSpot(TM) 64-Bit Server VM (25.251-b08) for windows-amd64 JRE (1.8.0_251-b08), built on Mar 12 2020 06:31:49 by "" with MS VC++ 10.0 (VS2010)

time: Mon Jan 10 16:42:05 2022
timezone: 中国标准时间
elapsed time: 37 seconds (0d 0h 0m 37s)

